The system is: Linux - 3.10.0-693.5.2.el7.x86_64 - x86_64
Compiling the C compiler identification source file "CMakeCCompilerId.c" succeeded.
Compiler: /usr/bin/cc 
Build flags: 
Id flags:  

The output was:
0


Compilation of the C compiler identification source "CMakeCCompilerId.c" produced "a.out"

The C compiler identification is GNU, found in "/jlf/acmccormack1/SIDR3/CMakeFiles/3.13.4/CompilerIdC/a.out"

Determining if the C compiler works passed with the following output:
Change Dir: /jlf/acmccormack1/SIDR3/CMakeFiles/CMakeTmp

Run Build Command:"/usr/bin/gmake" "cmTC_a32e5/fast"
/usr/bin/gmake -f CMakeFiles/cmTC_a32e5.dir/build.make CMakeFiles/cmTC_a32e5.dir/build
gmake[1]: Entering directory `/jlf/acmccormack1/SIDR3/CMakeFiles/CMakeTmp'
Building C object CMakeFiles/cmTC_a32e5.dir/testCCompiler.c.o
/usr/bin/cc    -o CMakeFiles/cmTC_a32e5.dir/testCCompiler.c.o   -c /jlf/acmccormack1/SIDR3/CMakeFiles/CMakeTmp/testCCompiler.c
Linking C executable cmTC_a32e5
/usr/local/bin/cmake -E cmake_link_script CMakeFiles/cmTC_a32e5.dir/link.txt --verbose=1
/usr/bin/cc      -rdynamic CMakeFiles/cmTC_a32e5.dir/testCCompiler.c.o  -o cmTC_a32e5 
gmake[1]: Leaving directory `/jlf/acmccormack1/SIDR3/CMakeFiles/CMakeTmp'


Detecting C compiler ABI info compiled with the following output:
Change Dir: /jlf/acmccormack1/SIDR3/CMakeFiles/CMakeTmp

Run Build Command:"/usr/bin/gmake" "cmTC_0ff29/fast"
/usr/bin/gmake -f CMakeFiles/cmTC_0ff29.dir/build.make CMakeFiles/cmTC_0ff29.dir/build
gmake[1]: Entering directory `/jlf/acmccormack1/SIDR3/CMakeFiles/CMakeTmp'
Building C object CMakeFiles/cmTC_0ff29.dir/CMakeCCompilerABI.c.o
/usr/bin/cc    -o CMakeFiles/cmTC_0ff29.dir/CMakeCCompilerABI.c.o   -c /usr/local/share/cmake-3.13/Modules/CMakeCCompilerABI.c
Linking C executable cmTC_0ff29
/usr/local/bin/cmake -E cmake_link_script CMakeFiles/cmTC_0ff29.dir/link.txt --verbose=1
/usr/bin/cc     -v -rdynamic CMakeFiles/cmTC_0ff29.dir/CMakeCCompilerABI.c.o  -o cmTC_0ff29 
Using built-in specs.
COLLECT_GCC=/usr/bin/cc
COLLECT_LTO_WRAPPER=/usr/libexec/gcc/x86_64-redhat-linux/4.8.5/lto-wrapper
Target: x86_64-redhat-linux
Configured with: ../configure --prefix=/usr --mandir=/usr/share/man --infodir=/usr/share/info --with-bugurl=http://bugzilla.redhat.com/bugzilla --enable-bootstrap --enable-shared --enable-threads=posix --enable-checking=release --with-system-zlib --enable-__cxa_atexit --disable-libunwind-exceptions --enable-gnu-unique-object --enable-linker-build-id --with-linker-hash-style=gnu --enable-languages=c,c++,objc,obj-c++,java,fortran,ada,go,lto --enable-plugin --enable-initfini-array --disable-libgcj --with-isl=/builddir/build/BUILD/gcc-4.8.5-20150702/obj-x86_64-redhat-linux/isl-install --with-cloog=/builddir/build/BUILD/gcc-4.8.5-20150702/obj-x86_64-redhat-linux/cloog-install --enable-gnu-indirect-function --with-tune=generic --with-arch_32=x86-64 --build=x86_64-redhat-linux
Thread model: posix
gcc version 4.8.5 20150623 (Red Hat 4.8.5-16) (GCC) 
COMPILER_PATH=/usr/libexec/gcc/x86_64-redhat-linux/4.8.5/:/usr/libexec/gcc/x86_64-redhat-linux/4.8.5/:/usr/libexec/gcc/x86_64-redhat-linux/:/usr/lib/gcc/x86_64-redhat-linux/4.8.5/:/usr/lib/gcc/x86_64-redhat-linux/
LIBRARY_PATH=/share/apps/gcc/5.4.0/lib64/../lib64/:/share/apps/gcc/5.4.0/lib/../lib64/:/usr/lib/gcc/x86_64-redhat-linux/4.8.5/:/usr/lib/gcc/x86_64-redhat-linux/4.8.5/../../../../lib64/:/lib/../lib64/:/usr/lib/../lib64/:/share/apps/gcc/5.4.0/lib64/:/share/apps/gcc/5.4.0/lib/:/usr/lib/gcc/x86_64-redhat-linux/4.8.5/../../../:/lib/:/usr/lib/
COLLECT_GCC_OPTIONS='-v' '-rdynamic' '-o' 'cmTC_0ff29' '-mtune=generic' '-march=x86-64'
 /usr/libexec/gcc/x86_64-redhat-linux/4.8.5/collect2 --build-id --no-add-needed --eh-frame-hdr --hash-style=gnu -m elf_x86_64 -export-dynamic -dynamic-linker /lib64/ld-linux-x86-64.so.2 -o cmTC_0ff29 /usr/lib/gcc/x86_64-redhat-linux/4.8.5/../../../../lib64/crt1.o /usr/lib/gcc/x86_64-redhat-linux/4.8.5/../../../../lib64/crti.o /usr/lib/gcc/x86_64-redhat-linux/4.8.5/crtbegin.o -L/share/apps/gcc/5.4.0/lib64/../lib64 -L/share/apps/gcc/5.4.0/lib/../lib64 -L/usr/lib/gcc/x86_64-redhat-linux/4.8.5 -L/usr/lib/gcc/x86_64-redhat-linux/4.8.5/../../../../lib64 -L/lib/../lib64 -L/usr/lib/../lib64 -L/share/apps/gcc/5.4.0/lib64 -L/share/apps/gcc/5.4.0/lib -L/usr/lib/gcc/x86_64-redhat-linux/4.8.5/../../.. CMakeFiles/cmTC_0ff29.dir/CMakeCCompilerABI.c.o -lgcc --as-needed -lgcc_s --no-as-needed -lc -lgcc --as-needed -lgcc_s --no-as-needed /usr/lib/gcc/x86_64-redhat-linux/4.8.5/crtend.o /usr/lib/gcc/x86_64-redhat-linux/4.8.5/../../../../lib64/crtn.o
gmake[1]: Leaving directory `/jlf/acmccormack1/SIDR3/CMakeFiles/CMakeTmp'


Parsed C implicit link information from above output:
  link line regex: [^( *|.*[/\])(ld|CMAKE_LINK_STARTFILE-NOTFOUND|([^/\]+-)?ld|collect2)[^/\]*( |$)]
  ignore line: [Change Dir: /jlf/acmccormack1/SIDR3/CMakeFiles/CMakeTmp]
  ignore line: []
  ignore line: [Run Build Command:"/usr/bin/gmake" "cmTC_0ff29/fast"]
  ignore line: [/usr/bin/gmake -f CMakeFiles/cmTC_0ff29.dir/build.make CMakeFiles/cmTC_0ff29.dir/build]
  ignore line: [gmake[1]: Entering directory `/jlf/acmccormack1/SIDR3/CMakeFiles/CMakeTmp']
  ignore line: [Building C object CMakeFiles/cmTC_0ff29.dir/CMakeCCompilerABI.c.o]
  ignore line: [/usr/bin/cc    -o CMakeFiles/cmTC_0ff29.dir/CMakeCCompilerABI.c.o   -c /usr/local/share/cmake-3.13/Modules/CMakeCCompilerABI.c]
  ignore line: [Linking C executable cmTC_0ff29]
  ignore line: [/usr/local/bin/cmake -E cmake_link_script CMakeFiles/cmTC_0ff29.dir/link.txt --verbose=1]
  ignore line: [/usr/bin/cc     -v -rdynamic CMakeFiles/cmTC_0ff29.dir/CMakeCCompilerABI.c.o  -o cmTC_0ff29 ]
  ignore line: [Using built-in specs.]
  ignore line: [COLLECT_GCC=/usr/bin/cc]
  ignore line: [COLLECT_LTO_WRAPPER=/usr/libexec/gcc/x86_64-redhat-linux/4.8.5/lto-wrapper]
  ignore line: [Target: x86_64-redhat-linux]
  ignore line: [Configured with: ../configure --prefix=/usr --mandir=/usr/share/man --infodir=/usr/share/info --with-bugurl=http://bugzilla.redhat.com/bugzilla --enable-bootstrap --enable-shared --enable-threads=posix --enable-checking=release --with-system-zlib --enable-__cxa_atexit --disable-libunwind-exceptions --enable-gnu-unique-object --enable-linker-build-id --with-linker-hash-style=gnu --enable-languages=c,c++,objc,obj-c++,java,fortran,ada,go,lto --enable-plugin --enable-initfini-array --disable-libgcj --with-isl=/builddir/build/BUILD/gcc-4.8.5-20150702/obj-x86_64-redhat-linux/isl-install --with-cloog=/builddir/build/BUILD/gcc-4.8.5-20150702/obj-x86_64-redhat-linux/cloog-install --enable-gnu-indirect-function --with-tune=generic --with-arch_32=x86-64 --build=x86_64-redhat-linux]
  ignore line: [Thread model: posix]
  ignore line: [gcc version 4.8.5 20150623 (Red Hat 4.8.5-16) (GCC) ]
  ignore line: [COMPILER_PATH=/usr/libexec/gcc/x86_64-redhat-linux/4.8.5/:/usr/libexec/gcc/x86_64-redhat-linux/4.8.5/:/usr/libexec/gcc/x86_64-redhat-linux/:/usr/lib/gcc/x86_64-redhat-linux/4.8.5/:/usr/lib/gcc/x86_64-redhat-linux/]
  ignore line: [LIBRARY_PATH=/share/apps/gcc/5.4.0/lib64/../lib64/:/share/apps/gcc/5.4.0/lib/../lib64/:/usr/lib/gcc/x86_64-redhat-linux/4.8.5/:/usr/lib/gcc/x86_64-redhat-linux/4.8.5/../../../../lib64/:/lib/../lib64/:/usr/lib/../lib64/:/share/apps/gcc/5.4.0/lib64/:/share/apps/gcc/5.4.0/lib/:/usr/lib/gcc/x86_64-redhat-linux/4.8.5/../../../:/lib/:/usr/lib/]
  ignore line: [COLLECT_GCC_OPTIONS='-v' '-rdynamic' '-o' 'cmTC_0ff29' '-mtune=generic' '-march=x86-64']
  link line: [ /usr/libexec/gcc/x86_64-redhat-linux/4.8.5/collect2 --build-id --no-add-needed --eh-frame-hdr --hash-style=gnu -m elf_x86_64 -export-dynamic -dynamic-linker /lib64/ld-linux-x86-64.so.2 -o cmTC_0ff29 /usr/lib/gcc/x86_64-redhat-linux/4.8.5/../../../../lib64/crt1.o /usr/lib/gcc/x86_64-redhat-linux/4.8.5/../../../../lib64/crti.o /usr/lib/gcc/x86_64-redhat-linux/4.8.5/crtbegin.o -L/share/apps/gcc/5.4.0/lib64/../lib64 -L/share/apps/gcc/5.4.0/lib/../lib64 -L/usr/lib/gcc/x86_64-redhat-linux/4.8.5 -L/usr/lib/gcc/x86_64-redhat-linux/4.8.5/../../../../lib64 -L/lib/../lib64 -L/usr/lib/../lib64 -L/share/apps/gcc/5.4.0/lib64 -L/share/apps/gcc/5.4.0/lib -L/usr/lib/gcc/x86_64-redhat-linux/4.8.5/../../.. CMakeFiles/cmTC_0ff29.dir/CMakeCCompilerABI.c.o -lgcc --as-needed -lgcc_s --no-as-needed -lc -lgcc --as-needed -lgcc_s --no-as-needed /usr/lib/gcc/x86_64-redhat-linux/4.8.5/crtend.o /usr/lib/gcc/x86_64-redhat-linux/4.8.5/../../../../lib64/crtn.o]
    arg [/usr/libexec/gcc/x86_64-redhat-linux/4.8.5/collect2] ==> ignore
    arg [--build-id] ==> ignore
    arg [--no-add-needed] ==> ignore
    arg [--eh-frame-hdr] ==> ignore
    arg [--hash-style=gnu] ==> ignore
    arg [-m] ==> ignore
    arg [elf_x86_64] ==> ignore
    arg [-export-dynamic] ==> ignore
    arg [-dynamic-linker] ==> ignore
    arg [/lib64/ld-linux-x86-64.so.2] ==> ignore
    arg [-o] ==> ignore
    arg [cmTC_0ff29] ==> ignore
    arg [/usr/lib/gcc/x86_64-redhat-linux/4.8.5/../../../../lib64/crt1.o] ==> ignore
    arg [/usr/lib/gcc/x86_64-redhat-linux/4.8.5/../../../../lib64/crti.o] ==> ignore
    arg [/usr/lib/gcc/x86_64-redhat-linux/4.8.5/crtbegin.o] ==> ignore
    arg [-L/share/apps/gcc/5.4.0/lib64/../lib64] ==> dir [/share/apps/gcc/5.4.0/lib64/../lib64]
    arg [-L/share/apps/gcc/5.4.0/lib/../lib64] ==> dir [/share/apps/gcc/5.4.0/lib/../lib64]
    arg [-L/usr/lib/gcc/x86_64-redhat-linux/4.8.5] ==> dir [/usr/lib/gcc/x86_64-redhat-linux/4.8.5]
    arg [-L/usr/lib/gcc/x86_64-redhat-linux/4.8.5/../../../../lib64] ==> dir [/usr/lib/gcc/x86_64-redhat-linux/4.8.5/../../../../lib64]
    arg [-L/lib/../lib64] ==> dir [/lib/../lib64]
    arg [-L/usr/lib/../lib64] ==> dir [/usr/lib/../lib64]
    arg [-L/share/apps/gcc/5.4.0/lib64] ==> dir [/share/apps/gcc/5.4.0/lib64]
    arg [-L/share/apps/gcc/5.4.0/lib] ==> dir [/share/apps/gcc/5.4.0/lib]
    arg [-L/usr/lib/gcc/x86_64-redhat-linux/4.8.5/../../..] ==> dir [/usr/lib/gcc/x86_64-redhat-linux/4.8.5/../../..]
    arg [CMakeFiles/cmTC_0ff29.dir/CMakeCCompilerABI.c.o] ==> ignore
    arg [-lgcc] ==> lib [gcc]
    arg [--as-needed] ==> ignore
    arg [-lgcc_s] ==> lib [gcc_s]
    arg [--no-as-needed] ==> ignore
    arg [-lc] ==> lib [c]
    arg [-lgcc] ==> lib [gcc]
    arg [--as-needed] ==> ignore
    arg [-lgcc_s] ==> lib [gcc_s]
    arg [--no-as-needed] ==> ignore
    arg [/usr/lib/gcc/x86_64-redhat-linux/4.8.5/crtend.o] ==> ignore
    arg [/usr/lib/gcc/x86_64-redhat-linux/4.8.5/../../../../lib64/crtn.o] ==> ignore
  collapse library dir [/share/apps/gcc/5.4.0/lib64/../lib64] ==> [/share/apps/gcc/5.4.0/lib64]
  collapse library dir [/share/apps/gcc/5.4.0/lib/../lib64] ==> [/share/apps/gcc/5.4.0/lib64]
  collapse library dir [/usr/lib/gcc/x86_64-redhat-linux/4.8.5] ==> [/usr/lib/gcc/x86_64-redhat-linux/4.8.5]
  collapse library dir [/usr/lib/gcc/x86_64-redhat-linux/4.8.5/../../../../lib64] ==> [/usr/lib64]
  collapse library dir [/lib/../lib64] ==> [/lib64]
  collapse library dir [/usr/lib/../lib64] ==> [/usr/lib64]
  collapse library dir [/share/apps/gcc/5.4.0/lib64] ==> [/share/apps/gcc/5.4.0/lib64]
  collapse library dir [/share/apps/gcc/5.4.0/lib] ==> [/share/apps/gcc/5.4.0/lib]
  collapse library dir [/usr/lib/gcc/x86_64-redhat-linux/4.8.5/../../..] ==> [/usr/lib]
  implicit libs: [gcc;gcc_s;c;gcc;gcc_s]
  implicit dirs: [/share/apps/gcc/5.4.0/lib64;/usr/lib/gcc/x86_64-redhat-linux/4.8.5;/usr/lib64;/lib64;/share/apps/gcc/5.4.0/lib;/usr/lib]
  implicit fwks: []




Detecting C [-std=c11] compiler features compiled with the following output:
Change Dir: /jlf/acmccormack1/SIDR3/CMakeFiles/CMakeTmp

Run Build Command:"/usr/bin/gmake" "cmTC_dee12/fast"
/usr/bin/gmake -f CMakeFiles/cmTC_dee12.dir/build.make CMakeFiles/cmTC_dee12.dir/build
gmake[1]: Entering directory `/jlf/acmccormack1/SIDR3/CMakeFiles/CMakeTmp'
Building C object CMakeFiles/cmTC_dee12.dir/feature_tests.c.o
/usr/bin/cc   -std=c11 -o CMakeFiles/cmTC_dee12.dir/feature_tests.c.o   -c /jlf/acmccormack1/SIDR3/CMakeFiles/feature_tests.c
Linking C executable cmTC_dee12
/usr/local/bin/cmake -E cmake_link_script CMakeFiles/cmTC_dee12.dir/link.txt --verbose=1
/usr/bin/cc      -rdynamic CMakeFiles/cmTC_dee12.dir/feature_tests.c.o  -o cmTC_dee12 
gmake[1]: Leaving directory `/jlf/acmccormack1/SIDR3/CMakeFiles/CMakeTmp'


    Feature record: C_FEATURE:1c_function_prototypes
    Feature record: C_FEATURE:1c_restrict
    Feature record: C_FEATURE:1c_static_assert
    Feature record: C_FEATURE:1c_variadic_macros


Detecting C [-std=c99] compiler features compiled with the following output:
Change Dir: /jlf/acmccormack1/SIDR3/CMakeFiles/CMakeTmp

Run Build Command:"/usr/bin/gmake" "cmTC_bd69a/fast"
/usr/bin/gmake -f CMakeFiles/cmTC_bd69a.dir/build.make CMakeFiles/cmTC_bd69a.dir/build
gmake[1]: Entering directory `/jlf/acmccormack1/SIDR3/CMakeFiles/CMakeTmp'
Building C object CMakeFiles/cmTC_bd69a.dir/feature_tests.c.o
/usr/bin/cc   -std=c99 -o CMakeFiles/cmTC_bd69a.dir/feature_tests.c.o   -c /jlf/acmccormack1/SIDR3/CMakeFiles/feature_tests.c
Linking C executable cmTC_bd69a
/usr/local/bin/cmake -E cmake_link_script CMakeFiles/cmTC_bd69a.dir/link.txt --verbose=1
/usr/bin/cc      -rdynamic CMakeFiles/cmTC_bd69a.dir/feature_tests.c.o  -o cmTC_bd69a 
gmake[1]: Leaving directory `/jlf/acmccormack1/SIDR3/CMakeFiles/CMakeTmp'


    Feature record: C_FEATURE:1c_function_prototypes
    Feature record: C_FEATURE:1c_restrict
    Feature record: C_FEATURE:0c_static_assert
    Feature record: C_FEATURE:1c_variadic_macros


Detecting C [-std=c90] compiler features compiled with the following output:
Change Dir: /jlf/acmccormack1/SIDR3/CMakeFiles/CMakeTmp

Run Build Command:"/usr/bin/gmake" "cmTC_24260/fast"
/usr/bin/gmake -f CMakeFiles/cmTC_24260.dir/build.make CMakeFiles/cmTC_24260.dir/build
gmake[1]: Entering directory `/jlf/acmccormack1/SIDR3/CMakeFiles/CMakeTmp'
Building C object CMakeFiles/cmTC_24260.dir/feature_tests.c.o
/usr/bin/cc   -std=c90 -o CMakeFiles/cmTC_24260.dir/feature_tests.c.o   -c /jlf/acmccormack1/SIDR3/CMakeFiles/feature_tests.c
Linking C executable cmTC_24260
/usr/local/bin/cmake -E cmake_link_script CMakeFiles/cmTC_24260.dir/link.txt --verbose=1
/usr/bin/cc      -rdynamic CMakeFiles/cmTC_24260.dir/feature_tests.c.o  -o cmTC_24260 
gmake[1]: Leaving directory `/jlf/acmccormack1/SIDR3/CMakeFiles/CMakeTmp'


    Feature record: C_FEATURE:1c_function_prototypes
    Feature record: C_FEATURE:0c_restrict
    Feature record: C_FEATURE:0c_static_assert
    Feature record: C_FEATURE:0c_variadic_macros
The system is: Linux - 3.10.0-693.5.2.el7.x86_64 - x86_64
Compiling the C compiler identification source file "CMakeCCompilerId.c" succeeded.
Compiler: /usr/bin/cc 
Build flags: 
Id flags:  

The output was:
0


Compilation of the C compiler identification source "CMakeCCompilerId.c" produced "a.out"

The C compiler identification is GNU, found in "/jlf/acmccormack1/SIDR3/CMakeFiles/3.12.4/CompilerIdC/a.out"

Determining if the C compiler works passed with the following output:
Change Dir: /jlf/acmccormack1/SIDR3/CMakeFiles/CMakeTmp

Run Build Command:"/usr/bin/gmake" "cmTC_fc99c/fast"
/usr/bin/gmake -f CMakeFiles/cmTC_fc99c.dir/build.make CMakeFiles/cmTC_fc99c.dir/build
gmake[1]: Entering directory `/jlf/acmccormack1/SIDR3/CMakeFiles/CMakeTmp'
Building C object CMakeFiles/cmTC_fc99c.dir/testCCompiler.c.o
/usr/bin/cc    -o CMakeFiles/cmTC_fc99c.dir/testCCompiler.c.o   -c /jlf/acmccormack1/SIDR3/CMakeFiles/CMakeTmp/testCCompiler.c
Linking C executable cmTC_fc99c
/share/apps/cmake/3.12.4/bin/cmake -E cmake_link_script CMakeFiles/cmTC_fc99c.dir/link.txt --verbose=1
/usr/bin/cc      -rdynamic CMakeFiles/cmTC_fc99c.dir/testCCompiler.c.o  -o cmTC_fc99c 
gmake[1]: Leaving directory `/jlf/acmccormack1/SIDR3/CMakeFiles/CMakeTmp'


Detecting C compiler ABI info compiled with the following output:
Change Dir: /jlf/acmccormack1/SIDR3/CMakeFiles/CMakeTmp

Run Build Command:"/usr/bin/gmake" "cmTC_6a534/fast"
/usr/bin/gmake -f CMakeFiles/cmTC_6a534.dir/build.make CMakeFiles/cmTC_6a534.dir/build
gmake[1]: Entering directory `/jlf/acmccormack1/SIDR3/CMakeFiles/CMakeTmp'
Building C object CMakeFiles/cmTC_6a534.dir/CMakeCCompilerABI.c.o
/usr/bin/cc    -o CMakeFiles/cmTC_6a534.dir/CMakeCCompilerABI.c.o   -c /share/apps/cmake/3.12.4/share/cmake-3.12/Modules/CMakeCCompilerABI.c
Linking C executable cmTC_6a534
/share/apps/cmake/3.12.4/bin/cmake -E cmake_link_script CMakeFiles/cmTC_6a534.dir/link.txt --verbose=1
/usr/bin/cc     -v -rdynamic CMakeFiles/cmTC_6a534.dir/CMakeCCompilerABI.c.o  -o cmTC_6a534 
Using built-in specs.
COLLECT_GCC=/usr/bin/cc
COLLECT_LTO_WRAPPER=/usr/libexec/gcc/x86_64-redhat-linux/4.8.5/lto-wrapper
Target: x86_64-redhat-linux
Configured with: ../configure --prefix=/usr --mandir=/usr/share/man --infodir=/usr/share/info --with-bugurl=http://bugzilla.redhat.com/bugzilla --enable-bootstrap --enable-shared --enable-threads=posix --enable-checking=release --with-system-zlib --enable-__cxa_atexit --disable-libunwind-exceptions --enable-gnu-unique-object --enable-linker-build-id --with-linker-hash-style=gnu --enable-languages=c,c++,objc,obj-c++,java,fortran,ada,go,lto --enable-plugin --enable-initfini-array --disable-libgcj --with-isl=/builddir/build/BUILD/gcc-4.8.5-20150702/obj-x86_64-redhat-linux/isl-install --with-cloog=/builddir/build/BUILD/gcc-4.8.5-20150702/obj-x86_64-redhat-linux/cloog-install --enable-gnu-indirect-function --with-tune=generic --with-arch_32=x86-64 --build=x86_64-redhat-linux
Thread model: posix
gcc version 4.8.5 20150623 (Red Hat 4.8.5-16) (GCC) 
COMPILER_PATH=/usr/libexec/gcc/x86_64-redhat-linux/4.8.5/:/usr/libexec/gcc/x86_64-redhat-linux/4.8.5/:/usr/libexec/gcc/x86_64-redhat-linux/:/usr/lib/gcc/x86_64-redhat-linux/4.8.5/:/usr/lib/gcc/x86_64-redhat-linux/
LIBRARY_PATH=/usr/lib/gcc/x86_64-redhat-linux/4.8.5/:/usr/lib/gcc/x86_64-redhat-linux/4.8.5/../../../../lib64/:/lib/../lib64/:/usr/lib/../lib64/:/share/apps/intel/composerxe-2011.0.084/compiler/lib/intel64/:/share/apps/intel/composerxe-2011.0.084/mkl/lib/intel64/:/share/apps/intel/composerxe-2011.0.084/compiler/lib/intel64/:/share/apps/intel/composerxe-2011.0.084/compiler/lib/intel64/:/share/apps/intel/composerxe-2011.0.084/mkl/lib/intel64/:/share/apps/intel/composerxe-2011.0.084/compiler/lib/intel64/:/share/apps/intel/composerxe-2011.0.084/compiler/lib/intel64/:/share/apps/intel/composerxe-2011.0.084/mkl/lib/intel64/:/usr/lib/gcc/x86_64-redhat-linux/4.8.5/../../../:/lib/:/usr/lib/
COLLECT_GCC_OPTIONS='-v' '-rdynamic' '-o' 'cmTC_6a534' '-mtune=generic' '-march=x86-64'
 /usr/libexec/gcc/x86_64-redhat-linux/4.8.5/collect2 --build-id --no-add-needed --eh-frame-hdr --hash-style=gnu -m elf_x86_64 -export-dynamic -dynamic-linker /lib64/ld-linux-x86-64.so.2 -o cmTC_6a534 /usr/lib/gcc/x86_64-redhat-linux/4.8.5/../../../../lib64/crt1.o /usr/lib/gcc/x86_64-redhat-linux/4.8.5/../../../../lib64/crti.o /usr/lib/gcc/x86_64-redhat-linux/4.8.5/crtbegin.o -L/usr/lib/gcc/x86_64-redhat-linux/4.8.5 -L/usr/lib/gcc/x86_64-redhat-linux/4.8.5/../../../../lib64 -L/lib/../lib64 -L/usr/lib/../lib64 -L/share/apps/intel/composerxe-2011.0.084/compiler/lib/intel64 -L/share/apps/intel/composerxe-2011.0.084/mkl/lib/intel64 -L/share/apps/intel/composerxe-2011.0.084/compiler/lib/intel64 -L/share/apps/intel/composerxe-2011.0.084/compiler/lib/intel64 -L/share/apps/intel/composerxe-2011.0.084/mkl/lib/intel64 -L/share/apps/intel/composerxe-2011.0.084/compiler/lib/intel64 -L/share/apps/intel/composerxe-2011.0.084/compiler/lib/intel64 -L/share/apps/intel/composerxe-2011.0.084/mkl/lib/intel64 -L/usr/lib/gcc/x86_64-redhat-linux/4.8.5/../../.. CMakeFiles/cmTC_6a534.dir/CMakeCCompilerABI.c.o -lgcc --as-needed -lgcc_s --no-as-needed -lc -lgcc --as-needed -lgcc_s --no-as-needed /usr/lib/gcc/x86_64-redhat-linux/4.8.5/crtend.o /usr/lib/gcc/x86_64-redhat-linux/4.8.5/../../../../lib64/crtn.o
gmake[1]: Leaving directory `/jlf/acmccormack1/SIDR3/CMakeFiles/CMakeTmp'


Parsed C implicit link information from above output:
  link line regex: [^( *|.*[/\])(ld|CMAKE_LINK_STARTFILE-NOTFOUND|([^/\]+-)?ld|collect2)[^/\]*( |$)]
  ignore line: [Change Dir: /jlf/acmccormack1/SIDR3/CMakeFiles/CMakeTmp]
  ignore line: []
  ignore line: [Run Build Command:"/usr/bin/gmake" "cmTC_6a534/fast"]
  ignore line: [/usr/bin/gmake -f CMakeFiles/cmTC_6a534.dir/build.make CMakeFiles/cmTC_6a534.dir/build]
  ignore line: [gmake[1]: Entering directory `/jlf/acmccormack1/SIDR3/CMakeFiles/CMakeTmp']
  ignore line: [Building C object CMakeFiles/cmTC_6a534.dir/CMakeCCompilerABI.c.o]
  ignore line: [/usr/bin/cc    -o CMakeFiles/cmTC_6a534.dir/CMakeCCompilerABI.c.o   -c /share/apps/cmake/3.12.4/share/cmake-3.12/Modules/CMakeCCompilerABI.c]
  ignore line: [Linking C executable cmTC_6a534]
  ignore line: [/share/apps/cmake/3.12.4/bin/cmake -E cmake_link_script CMakeFiles/cmTC_6a534.dir/link.txt --verbose=1]
  ignore line: [/usr/bin/cc     -v -rdynamic CMakeFiles/cmTC_6a534.dir/CMakeCCompilerABI.c.o  -o cmTC_6a534 ]
  ignore line: [Using built-in specs.]
  ignore line: [COLLECT_GCC=/usr/bin/cc]
  ignore line: [COLLECT_LTO_WRAPPER=/usr/libexec/gcc/x86_64-redhat-linux/4.8.5/lto-wrapper]
  ignore line: [Target: x86_64-redhat-linux]
  ignore line: [Configured with: ../configure --prefix=/usr --mandir=/usr/share/man --infodir=/usr/share/info --with-bugurl=http://bugzilla.redhat.com/bugzilla --enable-bootstrap --enable-shared --enable-threads=posix --enable-checking=release --with-system-zlib --enable-__cxa_atexit --disable-libunwind-exceptions --enable-gnu-unique-object --enable-linker-build-id --with-linker-hash-style=gnu --enable-languages=c,c++,objc,obj-c++,java,fortran,ada,go,lto --enable-plugin --enable-initfini-array --disable-libgcj --with-isl=/builddir/build/BUILD/gcc-4.8.5-20150702/obj-x86_64-redhat-linux/isl-install --with-cloog=/builddir/build/BUILD/gcc-4.8.5-20150702/obj-x86_64-redhat-linux/cloog-install --enable-gnu-indirect-function --with-tune=generic --with-arch_32=x86-64 --build=x86_64-redhat-linux]
  ignore line: [Thread model: posix]
  ignore line: [gcc version 4.8.5 20150623 (Red Hat 4.8.5-16) (GCC) ]
  ignore line: [COMPILER_PATH=/usr/libexec/gcc/x86_64-redhat-linux/4.8.5/:/usr/libexec/gcc/x86_64-redhat-linux/4.8.5/:/usr/libexec/gcc/x86_64-redhat-linux/:/usr/lib/gcc/x86_64-redhat-linux/4.8.5/:/usr/lib/gcc/x86_64-redhat-linux/]
  ignore line: [LIBRARY_PATH=/usr/lib/gcc/x86_64-redhat-linux/4.8.5/:/usr/lib/gcc/x86_64-redhat-linux/4.8.5/../../../../lib64/:/lib/../lib64/:/usr/lib/../lib64/:/share/apps/intel/composerxe-2011.0.084/compiler/lib/intel64/:/share/apps/intel/composerxe-2011.0.084/mkl/lib/intel64/:/share/apps/intel/composerxe-2011.0.084/compiler/lib/intel64/:/share/apps/intel/composerxe-2011.0.084/compiler/lib/intel64/:/share/apps/intel/composerxe-2011.0.084/mkl/lib/intel64/:/share/apps/intel/composerxe-2011.0.084/compiler/lib/intel64/:/share/apps/intel/composerxe-2011.0.084/compiler/lib/intel64/:/share/apps/intel/composerxe-2011.0.084/mkl/lib/intel64/:/usr/lib/gcc/x86_64-redhat-linux/4.8.5/../../../:/lib/:/usr/lib/]
  ignore line: [COLLECT_GCC_OPTIONS='-v' '-rdynamic' '-o' 'cmTC_6a534' '-mtune=generic' '-march=x86-64']
  link line: [ /usr/libexec/gcc/x86_64-redhat-linux/4.8.5/collect2 --build-id --no-add-needed --eh-frame-hdr --hash-style=gnu -m elf_x86_64 -export-dynamic -dynamic-linker /lib64/ld-linux-x86-64.so.2 -o cmTC_6a534 /usr/lib/gcc/x86_64-redhat-linux/4.8.5/../../../../lib64/crt1.o /usr/lib/gcc/x86_64-redhat-linux/4.8.5/../../../../lib64/crti.o /usr/lib/gcc/x86_64-redhat-linux/4.8.5/crtbegin.o -L/usr/lib/gcc/x86_64-redhat-linux/4.8.5 -L/usr/lib/gcc/x86_64-redhat-linux/4.8.5/../../../../lib64 -L/lib/../lib64 -L/usr/lib/../lib64 -L/share/apps/intel/composerxe-2011.0.084/compiler/lib/intel64 -L/share/apps/intel/composerxe-2011.0.084/mkl/lib/intel64 -L/share/apps/intel/composerxe-2011.0.084/compiler/lib/intel64 -L/share/apps/intel/composerxe-2011.0.084/compiler/lib/intel64 -L/share/apps/intel/composerxe-2011.0.084/mkl/lib/intel64 -L/share/apps/intel/composerxe-2011.0.084/compiler/lib/intel64 -L/share/apps/intel/composerxe-2011.0.084/compiler/lib/intel64 -L/share/apps/intel/composerxe-2011.0.084/mkl/lib/intel64 -L/usr/lib/gcc/x86_64-redhat-linux/4.8.5/../../.. CMakeFiles/cmTC_6a534.dir/CMakeCCompilerABI.c.o -lgcc --as-needed -lgcc_s --no-as-needed -lc -lgcc --as-needed -lgcc_s --no-as-needed /usr/lib/gcc/x86_64-redhat-linux/4.8.5/crtend.o /usr/lib/gcc/x86_64-redhat-linux/4.8.5/../../../../lib64/crtn.o]
    arg [/usr/libexec/gcc/x86_64-redhat-linux/4.8.5/collect2] ==> ignore
    arg [--build-id] ==> ignore
    arg [--no-add-needed] ==> ignore
    arg [--eh-frame-hdr] ==> ignore
    arg [--hash-style=gnu] ==> ignore
    arg [-m] ==> ignore
    arg [elf_x86_64] ==> ignore
    arg [-export-dynamic] ==> ignore
    arg [-dynamic-linker] ==> ignore
    arg [/lib64/ld-linux-x86-64.so.2] ==> ignore
    arg [-o] ==> ignore
    arg [cmTC_6a534] ==> ignore
    arg [/usr/lib/gcc/x86_64-redhat-linux/4.8.5/../../../../lib64/crt1.o] ==> ignore
    arg [/usr/lib/gcc/x86_64-redhat-linux/4.8.5/../../../../lib64/crti.o] ==> ignore
    arg [/usr/lib/gcc/x86_64-redhat-linux/4.8.5/crtbegin.o] ==> ignore
    arg [-L/usr/lib/gcc/x86_64-redhat-linux/4.8.5] ==> dir [/usr/lib/gcc/x86_64-redhat-linux/4.8.5]
    arg [-L/usr/lib/gcc/x86_64-redhat-linux/4.8.5/../../../../lib64] ==> dir [/usr/lib/gcc/x86_64-redhat-linux/4.8.5/../../../../lib64]
    arg [-L/lib/../lib64] ==> dir [/lib/../lib64]
    arg [-L/usr/lib/../lib64] ==> dir [/usr/lib/../lib64]
    arg [-L/share/apps/intel/composerxe-2011.0.084/compiler/lib/intel64] ==> dir [/share/apps/intel/composerxe-2011.0.084/compiler/lib/intel64]
    arg [-L/share/apps/intel/composerxe-2011.0.084/mkl/lib/intel64] ==> dir [/share/apps/intel/composerxe-2011.0.084/mkl/lib/intel64]
    arg [-L/share/apps/intel/composerxe-2011.0.084/compiler/lib/intel64] ==> dir [/share/apps/intel/composerxe-2011.0.084/compiler/lib/intel64]
    arg [-L/share/apps/intel/composerxe-2011.0.084/compiler/lib/intel64] ==> dir [/share/apps/intel/composerxe-2011.0.084/compiler/lib/intel64]
    arg [-L/share/apps/intel/composerxe-2011.0.084/mkl/lib/intel64] ==> dir [/share/apps/intel/composerxe-2011.0.084/mkl/lib/intel64]
    arg [-L/share/apps/intel/composerxe-2011.0.084/compiler/lib/intel64] ==> dir [/share/apps/intel/composerxe-2011.0.084/compiler/lib/intel64]
    arg [-L/share/apps/intel/composerxe-2011.0.084/compiler/lib/intel64] ==> dir [/share/apps/intel/composerxe-2011.0.084/compiler/lib/intel64]
    arg [-L/share/apps/intel/composerxe-2011.0.084/mkl/lib/intel64] ==> dir [/share/apps/intel/composerxe-2011.0.084/mkl/lib/intel64]
    arg [-L/usr/lib/gcc/x86_64-redhat-linux/4.8.5/../../..] ==> dir [/usr/lib/gcc/x86_64-redhat-linux/4.8.5/../../..]
    arg [CMakeFiles/cmTC_6a534.dir/CMakeCCompilerABI.c.o] ==> ignore
    arg [-lgcc] ==> lib [gcc]
    arg [--as-needed] ==> ignore
    arg [-lgcc_s] ==> lib [gcc_s]
    arg [--no-as-needed] ==> ignore
    arg [-lc] ==> lib [c]
    arg [-lgcc] ==> lib [gcc]
    arg [--as-needed] ==> ignore
    arg [-lgcc_s] ==> lib [gcc_s]
    arg [--no-as-needed] ==> ignore
    arg [/usr/lib/gcc/x86_64-redhat-linux/4.8.5/crtend.o] ==> ignore
    arg [/usr/lib/gcc/x86_64-redhat-linux/4.8.5/../../../../lib64/crtn.o] ==> ignore
  collapse library dir [/usr/lib/gcc/x86_64-redhat-linux/4.8.5] ==> [/usr/lib/gcc/x86_64-redhat-linux/4.8.5]
  collapse library dir [/usr/lib/gcc/x86_64-redhat-linux/4.8.5/../../../../lib64] ==> [/usr/lib64]
  collapse library dir [/lib/../lib64] ==> [/lib64]
  collapse library dir [/usr/lib/../lib64] ==> [/usr/lib64]
  collapse library dir [/share/apps/intel/composerxe-2011.0.084/compiler/lib/intel64] ==> [/share/apps/intel/composerxe-2011.0.084/compiler/lib/intel64]
  collapse library dir [/share/apps/intel/composerxe-2011.0.084/mkl/lib/intel64] ==> [/share/apps/intel/composerxe-2011.0.084/mkl/lib/intel64]
  collapse library dir [/share/apps/intel/composerxe-2011.0.084/compiler/lib/intel64] ==> [/share/apps/intel/composerxe-2011.0.084/compiler/lib/intel64]
  collapse library dir [/share/apps/intel/composerxe-2011.0.084/compiler/lib/intel64] ==> [/share/apps/intel/composerxe-2011.0.084/compiler/lib/intel64]
  collapse library dir [/share/apps/intel/composerxe-2011.0.084/mkl/lib/intel64] ==> [/share/apps/intel/composerxe-2011.0.084/mkl/lib/intel64]
  collapse library dir [/share/apps/intel/composerxe-2011.0.084/compiler/lib/intel64] ==> [/share/apps/intel/composerxe-2011.0.084/compiler/lib/intel64]
  collapse library dir [/share/apps/intel/composerxe-2011.0.084/compiler/lib/intel64] ==> [/share/apps/intel/composerxe-2011.0.084/compiler/lib/intel64]
  collapse library dir [/share/apps/intel/composerxe-2011.0.084/mkl/lib/intel64] ==> [/share/apps/intel/composerxe-2011.0.084/mkl/lib/intel64]
  collapse library dir [/usr/lib/gcc/x86_64-redhat-linux/4.8.5/../../..] ==> [/usr/lib]
  implicit libs: [gcc;gcc_s;c;gcc;gcc_s]
  implicit dirs: [/usr/lib/gcc/x86_64-redhat-linux/4.8.5;/usr/lib64;/lib64;/share/apps/intel/composerxe-2011.0.084/compiler/lib/intel64;/share/apps/intel/composerxe-2011.0.084/mkl/lib/intel64;/usr/lib]
  implicit fwks: []




Detecting C [-std=c11] compiler features compiled with the following output:
Change Dir: /jlf/acmccormack1/SIDR3/CMakeFiles/CMakeTmp

Run Build Command:"/usr/bin/gmake" "cmTC_94c99/fast"
/usr/bin/gmake -f CMakeFiles/cmTC_94c99.dir/build.make CMakeFiles/cmTC_94c99.dir/build
gmake[1]: Entering directory `/jlf/acmccormack1/SIDR3/CMakeFiles/CMakeTmp'
Building C object CMakeFiles/cmTC_94c99.dir/feature_tests.c.o
/usr/bin/cc   -std=c11 -o CMakeFiles/cmTC_94c99.dir/feature_tests.c.o   -c /jlf/acmccormack1/SIDR3/CMakeFiles/feature_tests.c
Linking C executable cmTC_94c99
/share/apps/cmake/3.12.4/bin/cmake -E cmake_link_script CMakeFiles/cmTC_94c99.dir/link.txt --verbose=1
/usr/bin/cc      -rdynamic CMakeFiles/cmTC_94c99.dir/feature_tests.c.o  -o cmTC_94c99 
gmake[1]: Leaving directory `/jlf/acmccormack1/SIDR3/CMakeFiles/CMakeTmp'


    Feature record: C_FEATURE:1c_function_prototypes
    Feature record: C_FEATURE:1c_restrict
    Feature record: C_FEATURE:1c_static_assert
    Feature record: C_FEATURE:1c_variadic_macros


Detecting C [-std=c99] compiler features compiled with the following output:
Change Dir: /jlf/acmccormack1/SIDR3/CMakeFiles/CMakeTmp

Run Build Command:"/usr/bin/gmake" "cmTC_9c27c/fast"
/usr/bin/gmake -f CMakeFiles/cmTC_9c27c.dir/build.make CMakeFiles/cmTC_9c27c.dir/build
gmake[1]: Entering directory `/jlf/acmccormack1/SIDR3/CMakeFiles/CMakeTmp'
Building C object CMakeFiles/cmTC_9c27c.dir/feature_tests.c.o
/usr/bin/cc   -std=c99 -o CMakeFiles/cmTC_9c27c.dir/feature_tests.c.o   -c /jlf/acmccormack1/SIDR3/CMakeFiles/feature_tests.c
Linking C executable cmTC_9c27c
/share/apps/cmake/3.12.4/bin/cmake -E cmake_link_script CMakeFiles/cmTC_9c27c.dir/link.txt --verbose=1
/usr/bin/cc      -rdynamic CMakeFiles/cmTC_9c27c.dir/feature_tests.c.o  -o cmTC_9c27c 
gmake[1]: Leaving directory `/jlf/acmccormack1/SIDR3/CMakeFiles/CMakeTmp'


    Feature record: C_FEATURE:1c_function_prototypes
    Feature record: C_FEATURE:1c_restrict
    Feature record: C_FEATURE:0c_static_assert
    Feature record: C_FEATURE:1c_variadic_macros


Detecting C [-std=c90] compiler features compiled with the following output:
Change Dir: /jlf/acmccormack1/SIDR3/CMakeFiles/CMakeTmp

Run Build Command:"/usr/bin/gmake" "cmTC_91b84/fast"
/usr/bin/gmake -f CMakeFiles/cmTC_91b84.dir/build.make CMakeFiles/cmTC_91b84.dir/build
gmake[1]: Entering directory `/jlf/acmccormack1/SIDR3/CMakeFiles/CMakeTmp'
Building C object CMakeFiles/cmTC_91b84.dir/feature_tests.c.o
/usr/bin/cc   -std=c90 -o CMakeFiles/cmTC_91b84.dir/feature_tests.c.o   -c /jlf/acmccormack1/SIDR3/CMakeFiles/feature_tests.c
Linking C executable cmTC_91b84
/share/apps/cmake/3.12.4/bin/cmake -E cmake_link_script CMakeFiles/cmTC_91b84.dir/link.txt --verbose=1
/usr/bin/cc      -rdynamic CMakeFiles/cmTC_91b84.dir/feature_tests.c.o  -o cmTC_91b84 
gmake[1]: Leaving directory `/jlf/acmccormack1/SIDR3/CMakeFiles/CMakeTmp'


    Feature record: C_FEATURE:1c_function_prototypes
    Feature record: C_FEATURE:0c_restrict
    Feature record: C_FEATURE:0c_static_assert
    Feature record: C_FEATURE:0c_variadic_macros
